<?xml version="1.0" encoding="UTF-8"?>
<testsuite xmlns:xsi="http://www.w3.org/2001/XMLSchema-instance" xsi:noNamespaceSchemaLocation="https://maven.apache.org/surefire/maven-surefire-plugin/xsd/surefire-test-report-3.0.xsd" version="3.0" name="test.java.com.example.TriangleTest" time="0.149" tests="8" errors="0" skipped="0" failures="0">
  <properties>
[...]
</properties>
  <testcase name="testCheckTypeIsosceles" classname="test.java.com.example.TriangleTest" time="0.061">
    <system-out><![CDATA[Testing CheckType method for Isosceles triangle
Isosceles triangle
]]></system-out>
  </testcase>
  <testcase name="testCheckTypeEquilateral" classname="test.java.com.example.TriangleTest" time="0.003">
    <system-out><![CDATA[Testing CheckType method for Equilateral triangle
Equilateral triangle
]]></system-out>
  </testcase>
  <testcase name="testIsNotRight" classname="test.java.com.example.TriangleTest" time="0.007">
    <system-out><![CDATA[Testing isRight method for not right triangle
]]></system-out>
  </testcase>
  <testcase name="testIsNotValid" classname="test.java.com.example.TriangleTest" time="0.003">
    <system-out><![CDATA[Testing isValid method for not valid triangle
]]></system-out>
  </testcase>
  <testcase name="testCheckTypeScalene" classname="test.java.com.example.TriangleTest" time="0.002">
    <system-out><![CDATA[Testing CheckType method for Scalene triangle
Scalene triangle
]]></system-out>
  </testcase>
  <testcase name="testCheckTypeInvalid" classname="test.java.com.example.TriangleTest" time="0.003">
    <system-out><![CDATA[Testing CheckType method for Invalid triangle
Cannot form a triangle
]]></system-out>
  </testcase>
  <testcase name="testIsRight" classname="test.java.com.example.TriangleTest" time="0.003">
    <system-out><![CDATA[Testing isRight method
]]></system-out>
  </testcase>
  <testcase name="testIsValid" classname="test.java.com.example.TriangleTest" time="0.003">
    <system-out><![CDATA[Testing isValid method
Equilateral triangle
]]></system-out>
  </testcase>
</testsuite>